{"/Users/prueba/Desktop/Laboratoria/Lección Variables y sls desc/Proyectos 2018/scl-2018-11-bc-core-cipher/src/cipher.js":{"path":"/Users/prueba/Desktop/Laboratoria/Lección Variables y sls desc/Proyectos 2018/scl-2018-11-bc-core-cipher/src/cipher.js","statementMap":{"0":{"start":{"line":2,"column":0},"end":{"line":34,"column":1}},"1":{"start":{"line":4,"column":20},"end":{"line":4,"column":22}},"2":{"start":{"line":5,"column":4},"end":{"line":11,"column":6}},"3":{"start":{"line":6,"column":25},"end":{"line":6,"column":45}},"4":{"start":{"line":7,"column":6},"end":{"line":9,"column":7}},"5":{"start":{"line":8,"column":10},"end":{"line":8,"column":68}},"6":{"start":{"line":10,"column":6},"end":{"line":10,"column":65}},"7":{"start":{"line":12,"column":5},"end":{"line":12,"column":22}},"8":{"start":{"line":18,"column":21},"end":{"line":18,"column":23}},"9":{"start":{"line":19,"column":4},"end":{"line":30,"column":5}},"10":{"start":{"line":20,"column":18},"end":{"line":20,"column":40}},"11":{"start":{"line":21,"column":31},"end":{"line":21,"column":63}},"12":{"start":{"line":22,"column":6},"end":{"line":29,"column":7}},"13":{"start":{"line":23,"column":8},"end":{"line":23,"column":38}},"14":{"start":{"line":24,"column":10},"end":{"line":29,"column":7}},"15":{"start":{"line":25,"column":8},"end":{"line":25,"column":73}},"16":{"start":{"line":27,"column":8},"end":{"line":27,"column":51}},"17":{"start":{"line":28,"column":8},"end":{"line":28,"column":73}},"18":{"start":{"line":31,"column":4},"end":{"line":31,"column":22}}},"fnMap":{"0":{"name":"(anonymous_0)","decl":{"start":{"line":3,"column":11},"end":{"line":3,"column":12}},"loc":{"start":{"line":3,"column":32},"end":{"line":14,"column":1}},"line":3},"1":{"name":"(anonymous_1)","decl":{"start":{"line":17,"column":10},"end":{"line":17,"column":11}},"loc":{"start":{"line":17,"column":34},"end":{"line":32,"column":2}},"line":17}},"branchMap":{"0":{"loc":{"start":{"line":7,"column":6},"end":{"line":9,"column":7}},"type":"if","locations":[{"start":{"line":7,"column":6},"end":{"line":9,"column":7}},{"start":{"line":7,"column":6},"end":{"line":9,"column":7}}],"line":7},"1":{"loc":{"start":{"line":7,"column":9},"end":{"line":7,"column":50}},"type":"binary-expr","locations":[{"start":{"line":7,"column":9},"end":{"line":7,"column":28}},{"start":{"line":7,"column":32},"end":{"line":7,"column":50}}],"line":7},"2":{"loc":{"start":{"line":22,"column":6},"end":{"line":29,"column":7}},"type":"if","locations":[{"start":{"line":22,"column":6},"end":{"line":29,"column":7}},{"start":{"line":22,"column":6},"end":{"line":29,"column":7}}],"line":22},"3":{"loc":{"start":{"line":24,"column":10},"end":{"line":29,"column":7}},"type":"if","locations":[{"start":{"line":24,"column":10},"end":{"line":29,"column":7}},{"start":{"line":24,"column":10},"end":{"line":29,"column":7}}],"line":24}},"s":{"0":1,"1":1,"2":1,"3":26,"4":26,"5":26,"6":26,"7":1,"8":0,"9":0,"10":0,"11":0,"12":0,"13":0,"14":0,"15":0,"16":0,"17":0,"18":0},"f":{"0":1,"1":0},"b":{"0":[26,0],"1":[26,26],"2":[0,0],"3":[0,0]},"_coverageSchema":"43e27e138ebf9cfc5966b082cf9a028302ed4184","hash":"089715d1da9c5a3b652d1db0272911431e6de55f","contentHash":"2f27581b3eb1c2c812c4c5356071e914"}}